?title=%D0%93%D0%BB%D0%B0%D0%B2%D0%BD%D0%B0%D1%8F%20-%20TMDB&component=main&source=tmdb&page=1&select=open:35 [Deprecation] The keyword 'slider-vertical' specified to an 'appearance' property is not standardized. It will be removed in the future. Use <input type=range style="writing-mode: vertical-lr; direction: rtl"> instead.
?title=%D0%93%D0%BB%D0%B0%D0%B2%D0%BD%D0%B0%D1%8F%20-%20TMDB&component=main&source=tmdb&page=1&select=open:35 [Deprecation] The keyword 'slider-vertical' specified to an 'appearance' property is not standardized. It will be removed in the future. Use <input type=range style="writing-mode: vertical-lr; direction: rtl"> instead.
?title=%D0%93%D0%BB%D0%B0%D0%B2%D0%BD%D0%B0%D1%8F%20-%20TMDB&component=main&source=tmdb&page=1&select=open:69 Loader try-load-script app.min.js?v=1975181
app.min.js?v=1975181:22325 LoadingProgress step: 0 Подготовка
app.min.js?v=1975181:22336 LoadingProgress status: Platform init
app.min.js?v=1975181:22336 LoadingProgress status: DeviceInput init
app.min.js?v=1975181:22336 LoadingProgress status: Params init
app.min.js?v=1975181:22336 LoadingProgress status: Controller observe init
app.min.js?v=1975181:46311 [LoadingProgress] status: Console init
app.min.js?v=1975181:46311 [LoadingProgress] status: Keypad init
app.min.js?v=1975181:46311 [LoadingProgress] status: Layer init
app.min.js?v=1975181:46311 [LoadingProgress] status: Subscribe on keydown
app.min.js?v=1975181:46311 [LoadingProgress] status: Loaded styles
app.min.js?v=1975181:46311 [LoadingProgress] status: Prepare ready
app.min.js?v=1975181:46311 [Loader] Script loaded Event {isTrusted: true, type: 'load', target: script, currentTarget: script, eventPhase: 2, …}
app.min.js?v=1975181:46311 [LoadingProgress] step: 1 Загрузка языков
app.min.js?v=1975181:46311 [LoadingProgress] status: Open cache database
app.min.js?v=1975181:46311 [Cache] worked
app.min.js?v=1975181:46311 [LoadingProgress] status: Storage load reserve
app.min.js?v=1975181:46311 [Storage] load cache: 0
app.min.js?v=1975181:46311 [LoadingProgress] status: Mirrors initialization
app.min.js?v=1975181:46311 [LoadingProgress] step: 2 Поиск зеркал
app.min.js?v=1975181:46311 [Mirrors] first check: cub.rip status: true
app.min.js?v=1975181:46311 [LoadingProgress] status: Plugins initialization
app.min.js?v=1975181:46311 [LoadingProgress] step: 3 Подготовка расширений
app.min.js?v=1975181:46311 [Plugins] modify: (3) [{…}, {…}, {…}]
app.min.js?v=1975181:46311 [Plugins] load list: (3) ['https://lampaplugins.github.io/store/fx.js', 'https://mainsync-afk.github.io/lampa_kinopub/kp.js', './plugins/modification.js']
app.min.js?v=1975181:46311 [Plugins] black list: (36) ['lampa.line.pm', 'xabb.ru/h.js', 'ebu.land', 'abu.land', 'lampa32.github.io/torrserver.js', 'abmsx.tech/torrserver.js', 'cxlampa.github.io/cub_off.js', 'lampatv.fun', 'xiaomishka.github.io/lampa/ads.js', 'xiaomishka.github.io', 'uspeh.sbs/app.js', 'andreyurl54.github.io', 'torrs.su', 'uspeh.sbs/ss.js', 'uspeh.sbs', 'usph.xyz/aa.js', 'lampa.land/plugins/r.js', 'tvigl.info/plugins/shots.js', '94.103.90.167', 'llpp.xyz', 'ab2024.', 'abhq.', 'abqa.', 'xabb.', 'xsph.', 'xaabb.', 'akter117black.', 'lipp.xyz', 'llpp.xyz', 'scabrum.github.io', 'bylampa.github.io', 'tinyurl.com', 't.me/', '4pda.', 'teletype.in', 'yotube.com']
app.min.js?v=1975181:46311 [Plugins] clear list: (3) ['https://lampaplugins.github.io/store/fx.js', 'https://mainsync-afk.github.io/lampa_kinopub/kp.js', './plugins/modification.js']
app.min.js?v=1975181:46311 [LoadingProgress] status: Proxy initialization
app.min.js?v=1975181:46311 [LoadingProgress] step: 4 Осталось немного
app.min.js?v=1975181:46311 [VPN] geo.cub.rip domain responding  KZ
app.min.js?v=1975181:46311 [LoadingProgress] status: Account initialization
app.min.js?v=1975181:46311 [LoadingProgress] step: 5 Уже скоро
app.min.js?v=1975181:46311 [Account] sync disabled
app.min.js?v=1975181:46311 [Account] bookmarks rawToCard complete, total: 0
app.min.js?v=1975181:46311 [LoadingProgress] status: Loading plugins
app.min.js?v=1975181:46311 [Extensions] include: ./plugins/modification.js
app.min.js?v=1975181:46311 [Plugins] update plugin cache: ./plugins/modification.js
app.min.js?v=1975181:46311 [StorageWorker] online_choice_fxapi start follow
app.min.js?v=1975181:46311 [Extensions] include: https://lampaplugins.github.io/store/fx.js
kp.js?logged=false&reset=0.8568120576240584&origin=bGFtcGEubXg%3D:1856 Uncaught SyntaxError: Unexpected identifier 'kino'
PendingScript
put @ app.min.js?v=1975181:4164
putScriptAsync @ app.min.js?v=1975181:4168
load @ app.min.js?v=1975181:31956
(anonymous) @ app.min.js?v=1975181:50998
(anonymous) @ app.min.js?v=1975181:29141
Progress.start @ app.min.js?v=1975181:29139
task.onComplite @ app.min.js?v=1975181:49296
Task$1.check @ app.min.js?v=1975181:49234
(anonymous) @ app.min.js?v=1975181:49242
launch @ app.min.js?v=1975181:49275
(anonymous) @ app.min.js?v=1975181:49284
(anonymous) @ app.min.js?v=1975181:22616
(anonymous) @ app.min.js?v=1975181:22718
WebWorker.worker.onmessage @ app.min.js?v=1975181:4913
postMessage
onmessage @ 63aafa96-aec4-41e4-8add-f5d92b329819:17
Worker.postMessage
WebWorker.call @ app.min.js?v=1975181:4920
rawToCard @ app.min.js?v=1975181:22710
update$9 @ app.min.js?v=1975181:22615
task$3 @ app.min.js?v=1975181:23262
(anonymous) @ app.min.js?v=1975181:50991
task.onProgress @ app.min.js?v=1975181:49282
Task$1.next @ app.min.js?v=1975181:49240
(anonymous) @ app.min.js?v=1975181:49242
launch @ app.min.js?v=1975181:49275
(anonymous) @ app.min.js?v=1975181:49284
(anonymous) @ app.min.js?v=1975181:19075
fire @ jquery.js:3317
fireWith @ jquery.js:3447
done @ jquery.js:9272
(anonymous) @ jquery.js:9514
XMLHttpRequest.send
send @ jquery.js:9566
ajax @ jquery.js:9173
extract @ app.min.js?v=1975181:19048
task$4 @ app.min.js?v=1975181:19060
(anonymous) @ app.min.js?v=1975181:50986
task.onProgress @ app.min.js?v=1975181:49282
Task$1.next @ app.min.js?v=1975181:49240
(anonymous) @ app.min.js?v=1975181:49242
launch @ app.min.js?v=1975181:49275
(anonymous) @ app.min.js?v=1975181:49284
(anonymous) @ app.min.js?v=1975181:32022
plugins @ app.min.js?v=1975181:17464
(anonymous) @ app.min.js?v=1975181:31988
status.onComplite @ app.min.js?v=1975181:31917
Status.check @ app.min.js?v=1975181:18505
Status.append @ app.min.js?v=1975181:18512
_network.silent.timeout @ app.min.js?v=1975181:31925
complite @ app.min.js?v=1975181:28651
sendSecuses @ app.min.js?v=1975181:28963
secuses @ app.min.js?v=1975181:28983
success @ app.min.js?v=1975181:28996
fire @ jquery.js:3317
fireWith @ jquery.js:3447
done @ jquery.js:9272
(anonymous) @ jquery.js:9514
XMLHttpRequest.send
send @ jquery.js:9566
ajax @ jquery.js:9173
(anonymous) @ app.min.js?v=1975181:29038
cacheGet @ app.min.js?v=1975181:28882
request @ app.min.js?v=1975181:29031
go @ app.min.js?v=1975181:28870
Request.silent @ app.min.js?v=1975181:28661
loadBlackList @ app.min.js?v=1975181:31920
task$1 @ app.min.js?v=1975181:31987
(anonymous) @ app.min.js?v=1975181:50981
task.onProgress @ app.min.js?v=1975181:49282
Task$1.next @ app.min.js?v=1975181:49240
(anonymous) @ app.min.js?v=1975181:49242
launch @ app.min.js?v=1975181:49275
(anonymous) @ app.min.js?v=1975181:49284
(anonymous) @ app.min.js?v=1975181:28479
network$5.silent.data @ app.min.js?v=1975181:28443
complite @ app.min.js?v=1975181:28651
sendSecuses @ app.min.js?v=1975181:28963
secuses @ app.min.js?v=1975181:28983
success @ app.min.js?v=1975181:28996
fire @ jquery.js:3317
fireWith @ jquery.js:3447
done @ jquery.js:9272
(anonymous) @ jquery.js:9514
XMLHttpRequest.send
send @ jquery.js:9566
ajax @ jquery.js:9173
(anonymous) @ app.min.js?v=1975181:29038
cacheGet @ app.min.js?v=1975181:28882
request @ app.min.js?v=1975181:29031
go @ app.min.js?v=1975181:28870
Request.silent @ app.min.js?v=1975181:28661
check$1 @ app.min.js?v=1975181:28442
task$2 @ app.min.js?v=1975181:28475
(anonymous) @ app.min.js?v=1975181:50976
task.onProgress @ app.min.js?v=1975181:49282
Task$1.next @ app.min.js?v=1975181:49240
(anonymous) @ app.min.js?v=1975181:49242
launch @ app.min.js?v=1975181:49275
(anonymous) @ app.min.js?v=1975181:49284
(anonymous) @ app.min.js?v=1975181:43081
Promise.then
task @ app.min.js?v=1975181:43073
(anonymous) @ app.min.js?v=1975181:50971
task.onProgress @ app.min.js?v=1975181:49282
Task$1.next @ app.min.js?v=1975181:49240
(anonymous) @ app.min.js?v=1975181:49242
launch @ app.min.js?v=1975181:49275
(anonymous) @ app.min.js?v=1975181:49284
(anonymous) @ app.min.js?v=1975181:50963
Promise.then
(anonymous) @ app.min.js?v=1975181:50961
task.onProgress @ app.min.js?v=1975181:49282
Task$1.next @ app.min.js?v=1975181:49240
Task$1.start @ app.min.js?v=1975181:49247
start$1 @ app.min.js?v=1975181:49299
loadTask @ app.min.js?v=1975181:51000
loadLang @ app.min.js?v=1975181:51010
(anonymous) @ app.min.js?v=1975181:50733
setTimeout
developerApp @ app.min.js?v=1975181:50731
loadApp @ app.min.js?v=1975181:51040
(anonymous) @ app.min.js?v=1975181:51065
(anonymous) @ app.min.js?v=1975181:51068
PendingScript
sreateScript @ ?title=%D0%93%D0%BB%D0%B0%D0%B2%D0%BD%D0%B0%D1%8F%20-%20TMDB&component=main&source=tmdb&page=1&select=open:102
add @ ?title=%D0%93%D0%BB%D0%B0%D0%B2%D0%BD%D0%B0%D1%8F%20-%20TMDB&component=main&source=tmdb&page=1&select=open:105
putScript @ ?title=%D0%93%D0%BB%D0%B0%D0%B2%D0%BD%D0%B0%D1%8F%20-%20TMDB&component=main&source=tmdb&page=1&select=open:108
loadCurrentLampa @ ?title=%D0%93%D0%BB%D0%B0%D0%B2%D0%BD%D0%B0%D1%8F%20-%20TMDB&component=main&source=tmdb&page=1&select=open:112
(anonymous) @ ?title=%D0%93%D0%BB%D0%B0%D0%B2%D0%BD%D0%B0%D1%8F%20-%20TMDB&component=main&source=tmdb&page=1&select=open:163
app.min.js?v=1975181:46311 [Extensions] include: https://mainsync-afk.github.io/lampa_kinopub/kp.js
app.min.js?v=1975181:46311 [LoadingProgress] status: Show app
app.min.js?v=1975181:46311 [LoadingProgress] status: Launching the application
app.min.js?v=1975181:46311 [LoadingProgress] status: Timer init
app.min.js?v=1975181:46311 [StorageWorker] online_view start follow
app.min.js?v=1975181:46311 [StorageWorker] torrents_view start follow
app.min.js?v=1975181:46311 [StorageWorker] search_history start follow
app.min.js?v=1975181:46311 [StorageWorker] online_last_balanser start follow
app.min.js?v=1975181:46311 [StorageWorker] user_clarifys start follow
app.min.js?v=1975181:46311 [StorageWorker] torrents_filter_data start follow
app.min.js?v=1975181:46311 [LoadingProgress] status: Storage init
app.min.js?v=1975181:46311 [LoadingProgress] status: Timeline init
app.min.js?v=1975181:46311 [LoadingProgress] status: HTTPS init
app.min.js?v=1975181:46311 [LoadingProgress] status: Mirrors init
app.min.js?v=1975181:46311 [LoadingProgress] status: Personal init
app.min.js?v=1975181:46311 [LoadingProgress] status: Head init
app.min.js?v=1975181:46311 [LoadingProgress] status: Settings init
app.min.js?v=1975181:46311 [LoadingProgress] status: Select init
app.min.js?v=1975181:46311 [LoadingProgress] status: Favorite init
app.min.js?v=1975181:46311 [LoadingProgress] status: Background init
app.min.js?v=1975181:46311 [LoadingProgress] status: Markers init
app.min.js?v=1975181:46311 [LoadingProgress] status: Notice init
app.min.js?v=1975181:46311 [LoadingProgress] status: Bell init
app.min.js?v=1975181:46311 [LoadingProgress] status: Menu init
app.min.js?v=1975181:46311 [LoadingProgress] status: Activity init
app.min.js?v=1975181:46311 [LoadingProgress] status: Screensaver init
app.min.js?v=1975181:46311 [LoadingProgress] status: Socket init
app.min.js?v=1975181:46311 [Account] use no account
app.min.js?v=1975181:46311 [LoadingProgress] status: Account init
app.min.js?v=1975181:46311 [LoadingProgress] status: Extensions init
app.min.js?v=1975181:46311 [LoadingProgress] status: Plugins init
app.min.js?v=1975181:46311 [LoadingProgress] status: Recomends init
app.min.js?v=1975181:46311 [Timetable] add: 0 filtred: 0 type: like
app.min.js?v=1975181:46311 [Timetable] add: 0 filtred: 0 type: wath
app.min.js?v=1975181:46311 [Timetable] add: 0 filtred: 0 type: book
app.min.js?v=1975181:46311 [Timetable] add: 0 filtred: 0 type: look
app.min.js?v=1975181:46311 [Timetable] add: 0 filtred: 0 type: viewed
app.min.js?v=1975181:46311 [Timetable] add: 0 filtred: 0 type: scheduled
app.min.js?v=1975181:46311 [Timetable] add: 0 filtred: 0 type: continued
app.min.js?v=1975181:46311 [LoadingProgress] status: Timetable init
app.min.js?v=1975181:46311 [LoadingProgress] status: Helper init
app.min.js?v=1975181:46311 [LoadingProgress] status: Tizen init
app.min.js?v=1975181:46311 [LoadingProgress] status: Player init
app.min.js?v=1975181:46311 [LoadingProgress] status: Iframe init
app.min.js?v=1975181:46311 [LoadingProgress] status: Parser init
app.min.js?v=1975181:46311 [LoadingProgress] status: WebOSLauncher init
app.min.js?v=1975181:46311 [LoadingProgress] status: Theme init
app.min.js?v=1975181:46311 [Script] create: https://yumata.github.io/lampa//vender/vast/vast.js
app.min.js?v=1975181:46311 [LoadingProgress] status: AdManager init
app.min.js?v=1975181:46311 [LoadingProgress] status: NavigationBar init
app.min.js?v=1975181:46311 [LoadingProgress] status: Demo init
app.min.js?v=1975181:46311 [LoadingProgress] status: Speedtest init
app.min.js?v=1975181:46311 [LoadingProgress] status: Processing init
app.min.js?v=1975181:46311 [LoadingProgress] status: ParentalControl init
app.min.js?v=1975181:46311 [LoadingProgress] status: Android init
app.min.js?v=1975181:46311 [LoadingProgress] status: Sound init
app.min.js?v=1975181:46311 [LoadingProgress] status: Iptv init
app.min.js?v=1975181:46311 [LoadingProgress] status: Logs init
app.min.js?v=1975181:46311 [LoadingProgress] status: Broadcast init
app.min.js?v=1975181:46311 [LoadingProgress] status: Search init
app.min.js?v=1975181:46311 [LoadingProgress] status: DataBase init
app.min.js?v=1975181:46311 [LoadingProgress] status: ContentRows init
app.min.js?v=1975181:46311 [LoadingProgress] status: Initialization successful
app.min.js?v=1975181:46311 [App] screen size: 986 / 1304
app.min.js?v=1975181:46311 [App] interface size: 986 / 1304
app.min.js?v=1975181:46311 [App] pixel ratio: 1
app.min.js?v=1975181:46311 [App] user agent: Mozilla/5.0 (Windows NT 10.0; Win64; x64) AppleWebKit/537.36 (KHTML, like Gecko) Chrome/147.0.0.0 Safari/537.36
app.min.js?v=1975181:46311 [App] touch points: 0
app.min.js?v=1975181:46311 [App] is tv: true
app.min.js?v=1975181:46311 [App] is mobile: false
app.min.js?v=1975181:46311 [App] is touch: false
app.min.js?v=1975181:46311 [App] is PWA: false
app.min.js?v=1975181:46311 [App] platform: browser
app.min.js?v=1975181:46311 [App] version: 3.1.8
app.min.js?v=1975181:46311 [App] build date: 2026-04-27 10:55
app.min.js?v=1975181:46311 [App] hash 0d0593426917b67118d2bc338ce2c8da
app.min.js?v=1975181:46311 [App] location: http://lampa.mx/?title=%D0%93%D0%BB%D0%B0%D0%B2%D0%BD%D0%B0%D1%8F%20-%20TMDB&component=main&source=tmdb&page=1&select=open
app.min.js?v=1975181:46311 [LoadingProgress] status: Render app
app.min.js?v=1975181:46311 [LoadingProgress] status: ServiceDeveloper init
app.min.js?v=1975181:46311 [LoadingProgress] status: ServiceTorserver init
app.min.js?v=1975181:46311 [LoadingProgress] status: ServiceWatched init
app.min.js?v=1975181:46311 [LoadingProgress] status: ServiceSettings init
app.min.js?v=1975181:46311 [LoadingProgress] status: ServiceMetric init
app.min.js?v=1975181:46311 [LoadingProgress] status: ServiceRemoteFavorites init
app.min.js?v=1975181:46311 [LoadingProgress] status: ServiceDMCA init
app.min.js?v=1975181:46311 [LoadingProgress] status: ServiceFPS init
app.min.js?v=1975181:46311 [LoadingProgress] status: ServiceEvents init
app.min.js?v=1975181:46311 [Script] create: ./vender/hls/hls.js
app.min.js?v=1975181:46311 [Script] create: ./vender/dash/dash.js
app.min.js?v=1975181:46311 [Script] create: ./vender/qrcode/qrcode.js
app.min.js?v=1975181:46311 [Script] create: https://cub.rip/plugin/sport
app.min.js?v=1975181:46311 [Script] create: https://cub.rip/plugin/tsarea
app.min.js?v=1975181:46311 [Script] create: https://cub.rip/plugin/shots
app.min.js?v=1975181:46311 [LoadingProgress] status: ServiceLibs init
app.min.js?v=1975181:46311 [LoadingProgress] status: ServiceLGBT init
app.min.js?v=1975181:46311 [LoadingProgress] status: ServiceChildren init
app.min.js?v=1975181:46311 [LoadingProgress] status: ServiceRemoteConfiguration init
app.min.js?v=1975181:46311 [LoadingProgress] status: Layer update
app.min.js?v=1975181:46311 [LoadingProgress] status: Send app ready
app.min.js?v=1975181:46311 [Script] include: https://yumata.github.io/lampa//vender/vast/vast.js
app.min.js?v=1975181:46311 [Timetable] load episodes from cache: 7
app.min.js?v=1975181:46311 [Plugins] update plugin cache: https://lampaplugins.github.io/store/fx.js
jquery.js:9566  GET http://lampa.mx/personal.lampa 404 (Not Found)
send @ jquery.js:9566
ajax @ jquery.js:9173
init$K @ app.min.js?v=1975181:24108
startApp @ app.min.js?v=1975181:50789
showApp @ app.min.js?v=1975181:50951
(anonymous) @ app.min.js?v=1975181:31957
check @ app.min.js?v=1975181:4135
s.onload @ app.min.js?v=1975181:4152
script
put @ app.min.js?v=1975181:4146
putScriptAsync @ app.min.js?v=1975181:4168
load @ app.min.js?v=1975181:31956
(anonymous) @ app.min.js?v=1975181:50998
(anonymous) @ app.min.js?v=1975181:29141
Progress.start @ app.min.js?v=1975181:29139
task.onComplite @ app.min.js?v=1975181:49296
Task$1.check @ app.min.js?v=1975181:49234
(anonymous) @ app.min.js?v=1975181:49242
launch @ app.min.js?v=1975181:49275
(anonymous) @ app.min.js?v=1975181:49284
(anonymous) @ app.min.js?v=1975181:22616
(anonymous) @ app.min.js?v=1975181:22718
WebWorker.worker.onmessage @ app.min.js?v=1975181:4913
postMessage
onmessage @ 63aafa96-aec4-41e4-8add-f5d92b329819:17
Worker.postMessage
WebWorker.call @ app.min.js?v=1975181:4920
rawToCard @ app.min.js?v=1975181:22710
update$9 @ app.min.js?v=1975181:22615
task$3 @ app.min.js?v=1975181:23262
(anonymous) @ app.min.js?v=1975181:50991
task.onProgress @ app.min.js?v=1975181:49282
Task$1.next @ app.min.js?v=1975181:49240
(anonymous) @ app.min.js?v=1975181:49242
launch @ app.min.js?v=1975181:49275
(anonymous) @ app.min.js?v=1975181:49284
(anonymous) @ app.min.js?v=1975181:19075
fire @ jquery.js:3317
fireWith @ jquery.js:3447
done @ jquery.js:9272
(anonymous) @ jquery.js:9514
XMLHttpRequest.send
send @ jquery.js:9566
ajax @ jquery.js:9173
extract @ app.min.js?v=1975181:19048
task$4 @ app.min.js?v=1975181:19060
(anonymous) @ app.min.js?v=1975181:50986
task.onProgress @ app.min.js?v=1975181:49282
Task$1.next @ app.min.js?v=1975181:49240
(anonymous) @ app.min.js?v=1975181:49242
launch @ app.min.js?v=1975181:49275
(anonymous) @ app.min.js?v=1975181:49284
(anonymous) @ app.min.js?v=1975181:32022
plugins @ app.min.js?v=1975181:17464
(anonymous) @ app.min.js?v=1975181:31988
status.onComplite @ app.min.js?v=1975181:31917
Status.check @ app.min.js?v=1975181:18505
Status.append @ app.min.js?v=1975181:18512
_network.silent.timeout @ app.min.js?v=1975181:31925
complite @ app.min.js?v=1975181:28651
sendSecuses @ app.min.js?v=1975181:28963
secuses @ app.min.js?v=1975181:28983
success @ app.min.js?v=1975181:28996
fire @ jquery.js:3317
fireWith @ jquery.js:3447
done @ jquery.js:9272
(anonymous) @ jquery.js:9514
XMLHttpRequest.send
send @ jquery.js:9566
ajax @ jquery.js:9173
(anonymous) @ app.min.js?v=1975181:29038
cacheGet @ app.min.js?v=1975181:28882
request @ app.min.js?v=1975181:29031
go @ app.min.js?v=1975181:28870
Request.silent @ app.min.js?v=1975181:28661
loadBlackList @ app.min.js?v=1975181:31920
task$1 @ app.min.js?v=1975181:31987
(anonymous) @ app.min.js?v=1975181:50981
task.onProgress @ app.min.js?v=1975181:49282
Task$1.next @ app.min.js?v=1975181:49240
(anonymous) @ app.min.js?v=1975181:49242
launch @ app.min.js?v=1975181:49275
(anonymous) @ app.min.js?v=1975181:49284
(anonymous) @ app.min.js?v=1975181:28479
network$5.silent.data @ app.min.js?v=1975181:28443
complite @ app.min.js?v=1975181:28651
sendSecuses @ app.min.js?v=1975181:28963
secuses @ app.min.js?v=1975181:28983
success @ app.min.js?v=1975181:28996
fire @ jquery.js:3317
fireWith @ jquery.js:3447
done @ jquery.js:9272
(anonymous) @ jquery.js:9514
XMLHttpRequest.send
send @ jquery.js:9566
ajax @ jquery.js:9173
(anonymous) @ app.min.js?v=1975181:29038
cacheGet @ app.min.js?v=1975181:28882
request @ app.min.js?v=1975181:29031
go @ app.min.js?v=1975181:28870
Request.silent @ app.min.js?v=1975181:28661
check$1 @ app.min.js?v=1975181:28442
task$2 @ app.min.js?v=1975181:28475
(anonymous) @ app.min.js?v=1975181:50976
task.onProgress @ app.min.js?v=1975181:49282
Task$1.next @ app.min.js?v=1975181:49240
(anonymous) @ app.min.js?v=1975181:49242
launch @ app.min.js?v=1975181:49275
(anonymous) @ app.min.js?v=1975181:49284
(anonymous) @ app.min.js?v=1975181:43081
Promise.then
task @ app.min.js?v=1975181:43073
(anonymous) @ app.min.js?v=1975181:50971
task.onProgress @ app.min.js?v=1975181:49282
Task$1.next @ app.min.js?v=1975181:49240
(anonymous) @ app.min.js?v=1975181:49242
launch @ app.min.js?v=1975181:49275
(anonymous) @ app.min.js?v=1975181:49284
(anonymous) @ app.min.js?v=1975181:50963
Promise.then
(anonymous) @ app.min.js?v=1975181:50961
task.onProgress @ app.min.js?v=1975181:49282
Task$1.next @ app.min.js?v=1975181:49240
Task$1.start @ app.min.js?v=1975181:49247
start$1 @ app.min.js?v=1975181:49299
loadTask @ app.min.js?v=1975181:51000
loadLang @ app.min.js?v=1975181:51010
(anonymous) @ app.min.js?v=1975181:50733
setTimeout
developerApp @ app.min.js?v=1975181:50731
loadApp @ app.min.js?v=1975181:51040
(anonymous) @ app.min.js?v=1975181:51065
(anonymous) @ app.min.js?v=1975181:51068
PendingScript
sreateScript @ ?title=%D0%93%D0%BB%D0%B0%D0%B2%D0%BD%D0%B0%D1%8F%20-%20TMDB&component=main&source=tmdb&page=1&select=open:102
add @ ?title=%D0%93%D0%BB%D0%B0%D0%B2%D0%BD%D0%B0%D1%8F%20-%20TMDB&component=main&source=tmdb&page=1&select=open:105
putScript @ ?title=%D0%93%D0%BB%D0%B0%D0%B2%D0%BD%D0%B0%D1%8F%20-%20TMDB&component=main&source=tmdb&page=1&select=open:108
loadCurrentLampa @ ?title=%D0%93%D0%BB%D0%B0%D0%B2%D0%BD%D0%B0%D1%8F%20-%20TMDB&component=main&source=tmdb&page=1&select=open:112
(anonymous) @ ?title=%D0%93%D0%BB%D0%B0%D0%B2%D0%BD%D0%B0%D1%8F%20-%20TMDB&component=main&source=tmdb&page=1&select=open:163
app.min.js?v=1975181:46311 [Plugins] update plugin cache: https://mainsync-afk.github.io/lampa_kinopub/kp.js
app.min.js?v=1975181:46311 [Ad] vast prerolls loaded 2
app.min.js?v=1975181:46311 [Script] include: https://cub.rip/plugin/tsarea
app.min.js?v=1975181:46311 [Script] include: https://cub.rip/plugin/sport
app.min.js?v=1975181:46311 [Script] include: ./vender/hls/hls.js
app.min.js?v=1975181:46311 [Script] include: ./vender/dash/dash.js
app.min.js?v=1975181:46311 [Script] include: ./vender/qrcode/qrcode.js
app.min.js?v=1975181:46311 [Content row must have name and title] {index: 1, screen: Array(1), call: ƒ}
(anonymous) @ app.min.js?v=1975181:46311
add$b @ app.min.js?v=1975181:17805
init @ shots:3426
startPlugin @ shots:3645
(anonymous) @ shots:3653
(anonymous) @ shots:3655
PendingScript
put @ app.min.js?v=1975181:4164
putScriptAsync @ app.min.js?v=1975181:4168
init$8 @ app.min.js?v=1975181:49908
startApp @ app.min.js?v=1975181:50910
showApp @ app.min.js?v=1975181:50951
(anonymous) @ app.min.js?v=1975181:31957
check @ app.min.js?v=1975181:4135
s.onload @ app.min.js?v=1975181:4152
script
put @ app.min.js?v=1975181:4146
putScriptAsync @ app.min.js?v=1975181:4168
load @ app.min.js?v=1975181:31956
(anonymous) @ app.min.js?v=1975181:50998
(anonymous) @ app.min.js?v=1975181:29141
Progress.start @ app.min.js?v=1975181:29139
task.onComplite @ app.min.js?v=1975181:49296
Task$1.check @ app.min.js?v=1975181:49234
(anonymous) @ app.min.js?v=1975181:49242
launch @ app.min.js?v=1975181:49275
(anonymous) @ app.min.js?v=1975181:49284
(anonymous) @ app.min.js?v=1975181:22616
(anonymous) @ app.min.js?v=1975181:22718
WebWorker.worker.onmessage @ app.min.js?v=1975181:4913
postMessage
onmessage @ 63aafa96-aec4-41e4-8add-f5d92b329819:17
Worker.postMessage
WebWorker.call @ app.min.js?v=1975181:4920
rawToCard @ app.min.js?v=1975181:22710
update$9 @ app.min.js?v=1975181:22615
task$3 @ app.min.js?v=1975181:23262
(anonymous) @ app.min.js?v=1975181:50991
task.onProgress @ app.min.js?v=1975181:49282
Task$1.next @ app.min.js?v=1975181:49240
(anonymous) @ app.min.js?v=1975181:49242
launch @ app.min.js?v=1975181:49275
(anonymous) @ app.min.js?v=1975181:49284
(anonymous) @ app.min.js?v=1975181:19075
fire @ jquery.js:3317
fireWith @ jquery.js:3447
done @ jquery.js:9272
(anonymous) @ jquery.js:9514
XMLHttpRequest.send
send @ jquery.js:9566
ajax @ jquery.js:9173
extract @ app.min.js?v=1975181:19048
task$4 @ app.min.js?v=1975181:19060
(anonymous) @ app.min.js?v=1975181:50986
task.onProgress @ app.min.js?v=1975181:49282
Task$1.next @ app.min.js?v=1975181:49240
(anonymous) @ app.min.js?v=1975181:49242
launch @ app.min.js?v=1975181:49275
(anonymous) @ app.min.js?v=1975181:49284
(anonymous) @ app.min.js?v=1975181:32022
plugins @ app.min.js?v=1975181:17464
(anonymous) @ app.min.js?v=1975181:31988
status.onComplite @ app.min.js?v=1975181:31917
Status.check @ app.min.js?v=1975181:18505
Status.append @ app.min.js?v=1975181:18512
_network.silent.timeout @ app.min.js?v=1975181:31925
complite @ app.min.js?v=1975181:28651
sendSecuses @ app.min.js?v=1975181:28963
secuses @ app.min.js?v=1975181:28983
success @ app.min.js?v=1975181:28996
fire @ jquery.js:3317
fireWith @ jquery.js:3447
done @ jquery.js:9272
(anonymous) @ jquery.js:9514
XMLHttpRequest.send
send @ jquery.js:9566
ajax @ jquery.js:9173
(anonymous) @ app.min.js?v=1975181:29038
cacheGet @ app.min.js?v=1975181:28882
request @ app.min.js?v=1975181:29031
go @ app.min.js?v=1975181:28870
Request.silent @ app.min.js?v=1975181:28661
loadBlackList @ app.min.js?v=1975181:31920
task$1 @ app.min.js?v=1975181:31987
(anonymous) @ app.min.js?v=1975181:50981
task.onProgress @ app.min.js?v=1975181:49282
Task$1.next @ app.min.js?v=1975181:49240
(anonymous) @ app.min.js?v=1975181:49242
launch @ app.min.js?v=1975181:49275
(anonymous) @ app.min.js?v=1975181:49284
(anonymous) @ app.min.js?v=1975181:28479
network$5.silent.data @ app.min.js?v=1975181:28443
complite @ app.min.js?v=1975181:28651
sendSecuses @ app.min.js?v=1975181:28963
secuses @ app.min.js?v=1975181:28983
success @ app.min.js?v=1975181:28996
fire @ jquery.js:3317
fireWith @ jquery.js:3447
done @ jquery.js:9272
(anonymous) @ jquery.js:9514
XMLHttpRequest.send
send @ jquery.js:9566
ajax @ jquery.js:9173
(anonymous) @ app.min.js?v=1975181:29038
cacheGet @ app.min.js?v=1975181:28882
request @ app.min.js?v=1975181:29031
go @ app.min.js?v=1975181:28870
Request.silent @ app.min.js?v=1975181:28661
check$1 @ app.min.js?v=1975181:28442
task$2 @ app.min.js?v=1975181:28475
(anonymous) @ app.min.js?v=1975181:50976
task.onProgress @ app.min.js?v=1975181:49282
Task$1.next @ app.min.js?v=1975181:49240
(anonymous) @ app.min.js?v=1975181:49242
launch @ app.min.js?v=1975181:49275
(anonymous) @ app.min.js?v=1975181:49284
(anonymous) @ app.min.js?v=1975181:43081
Promise.then
task @ app.min.js?v=1975181:43073
(anonymous) @ app.min.js?v=1975181:50971
task.onProgress @ app.min.js?v=1975181:49282
Task$1.next @ app.min.js?v=1975181:49240
(anonymous) @ app.min.js?v=1975181:49242
launch @ app.min.js?v=1975181:49275
(anonymous) @ app.min.js?v=1975181:49284
(anonymous) @ app.min.js?v=1975181:50963
Promise.then
(anonymous) @ app.min.js?v=1975181:50961
task.onProgress @ app.min.js?v=1975181:49282
Task$1.next @ app.min.js?v=1975181:49240
Task$1.start @ app.min.js?v=1975181:49247
start$1 @ app.min.js?v=1975181:49299
loadTask @ app.min.js?v=1975181:51000
loadLang @ app.min.js?v=1975181:51010
(anonymous) @ app.min.js?v=1975181:50733
setTimeout
developerApp @ app.min.js?v=1975181:50731
loadApp @ app.min.js?v=1975181:51040
(anonymous) @ app.min.js?v=1975181:51065
(anonymous) @ app.min.js?v=1975181:51068
PendingScript
sreateScript @ ?title=%D0%93%D0%BB%D0%B0%D0%B2%D0%BD%D0%B0%D1%8F%20-%20TMDB&component=main&source=tmdb&page=1&select=open:102
add @ ?title=%D0%93%D0%BB%D0%B0%D0%B2%D0%BD%D0%B0%D1%8F%20-%20TMDB&component=main&source=tmdb&page=1&select=open:105
putScript @ ?title=%D0%93%D0%BB%D0%B0%D0%B2%D0%BD%D0%B0%D1%8F%20-%20TMDB&component=main&source=tmdb&page=1&select=open:108
loadCurrentLampa @ ?title=%D0%93%D0%BB%D0%B0%D0%B2%D0%BD%D0%B0%D1%8F%20-%20TMDB&component=main&source=tmdb&page=1&select=open:112
(anonymous) @ ?title=%D0%93%D0%BB%D0%B0%D0%B2%D0%BD%D0%B0%D1%8F%20-%20TMDB&component=main&source=tmdb&page=1&select=open:163
app.min.js?v=1975181:46311 [Script] include: https://cub.rip/plugin/shots
app.min.js?v=1975181:46311 [Socket] open on wss://cub.rip:8443
jquery.js:9566  GET https://cub.rip/api/shots/list/created?page=1 500 (Internal Server Error)
send @ jquery.js:9566
ajax @ jquery.js:9173
(anonymous) @ app.min.js?v=1975181:29038
cacheGet @ app.min.js?v=1975181:28882
request @ app.min.js?v=1975181:29031
go @ app.min.js?v=1975181:28870
Request.silent @ app.min.js?v=1975181:28661
shotsList @ shots:1071
update$1 @ shots:1348
init$4 @ shots:1306
init @ shots:3417
startPlugin @ shots:3645
(anonymous) @ shots:3653
(anonymous) @ shots:3655
PendingScript
put @ app.min.js?v=1975181:4164
putScriptAsync @ app.min.js?v=1975181:4168
init$8 @ app.min.js?v=1975181:49908
startApp @ app.min.js?v=1975181:50910
showApp @ app.min.js?v=1975181:50951
(anonymous) @ app.min.js?v=1975181:31957
check @ app.min.js?v=1975181:4135
s.onload @ app.min.js?v=1975181:4152
script
put @ app.min.js?v=1975181:4146
putScriptAsync @ app.min.js?v=1975181:4168
load @ app.min.js?v=1975181:31956
(anonymous) @ app.min.js?v=1975181:50998
(anonymous) @ app.min.js?v=1975181:29141
Progress.start @ app.min.js?v=1975181:29139
task.onComplite @ app.min.js?v=1975181:49296
Task$1.check @ app.min.js?v=1975181:49234
(anonymous) @ app.min.js?v=1975181:49242
launch @ app.min.js?v=1975181:49275
(anonymous) @ app.min.js?v=1975181:49284
(anonymous) @ app.min.js?v=1975181:22616
(anonymous) @ app.min.js?v=1975181:22718
WebWorker.worker.onmessage @ app.min.js?v=1975181:4913
postMessage
onmessage @ 63aafa96-aec4-41e4-8add-f5d92b329819:17
Worker.postMessage
WebWorker.call @ app.min.js?v=1975181:4920
rawToCard @ app.min.js?v=1975181:22710
update$9 @ app.min.js?v=1975181:22615
task$3 @ app.min.js?v=1975181:23262
(anonymous) @ app.min.js?v=1975181:50991
task.onProgress @ app.min.js?v=1975181:49282
Task$1.next @ app.min.js?v=1975181:49240
(anonymous) @ app.min.js?v=1975181:49242
launch @ app.min.js?v=1975181:49275
(anonymous) @ app.min.js?v=1975181:49284
(anonymous) @ app.min.js?v=1975181:19075
fire @ jquery.js:3317
fireWith @ jquery.js:3447
done @ jquery.js:9272
(anonymous) @ jquery.js:9514
XMLHttpRequest.send
send @ jquery.js:9566
ajax @ jquery.js:9173
extract @ app.min.js?v=1975181:19048
task$4 @ app.min.js?v=1975181:19060
(anonymous) @ app.min.js?v=1975181:50986
task.onProgress @ app.min.js?v=1975181:49282
Task$1.next @ app.min.js?v=1975181:49240
(anonymous) @ app.min.js?v=1975181:49242
launch @ app.min.js?v=1975181:49275
(anonymous) @ app.min.js?v=1975181:49284
(anonymous) @ app.min.js?v=1975181:32022
plugins @ app.min.js?v=1975181:17464
(anonymous) @ app.min.js?v=1975181:31988
status.onComplite @ app.min.js?v=1975181:31917
Status.check @ app.min.js?v=1975181:18505
Status.append @ app.min.js?v=1975181:18512
_network.silent.timeout @ app.min.js?v=1975181:31925
complite @ app.min.js?v=1975181:28651
sendSecuses @ app.min.js?v=1975181:28963
secuses @ app.min.js?v=1975181:28983
success @ app.min.js?v=1975181:28996
fire @ jquery.js:3317
fireWith @ jquery.js:3447
done @ jquery.js:9272
(anonymous) @ jquery.js:9514
XMLHttpRequest.send
send @ jquery.js:9566
ajax @ jquery.js:9173
(anonymous) @ app.min.js?v=1975181:29038
cacheGet @ app.min.js?v=1975181:28882
request @ app.min.js?v=1975181:29031
go @ app.min.js?v=1975181:28870
Request.silent @ app.min.js?v=1975181:28661
loadBlackList @ app.min.js?v=1975181:31920
task$1 @ app.min.js?v=1975181:31987
(anonymous) @ app.min.js?v=1975181:50981
task.onProgress @ app.min.js?v=1975181:49282
Task$1.next @ app.min.js?v=1975181:49240
(anonymous) @ app.min.js?v=1975181:49242
launch @ app.min.js?v=1975181:49275
(anonymous) @ app.min.js?v=1975181:49284
(anonymous) @ app.min.js?v=1975181:28479
network$5.silent.data @ app.min.js?v=1975181:28443
complite @ app.min.js?v=1975181:28651
sendSecuses @ app.min.js?v=1975181:28963
secuses @ app.min.js?v=1975181:28983
success @ app.min.js?v=1975181:28996
fire @ jquery.js:3317
fireWith @ jquery.js:3447
done @ jquery.js:9272
(anonymous) @ jquery.js:9514
XMLHttpRequest.send
send @ jquery.js:9566
ajax @ jquery.js:9173
(anonymous) @ app.min.js?v=1975181:29038
cacheGet @ app.min.js?v=1975181:28882
request @ app.min.js?v=1975181:29031
go @ app.min.js?v=1975181:28870
Request.silent @ app.min.js?v=1975181:28661
check$1 @ app.min.js?v=1975181:28442
task$2 @ app.min.js?v=1975181:28475
(anonymous) @ app.min.js?v=1975181:50976
task.onProgress @ app.min.js?v=1975181:49282
Task$1.next @ app.min.js?v=1975181:49240
(anonymous) @ app.min.js?v=1975181:49242
launch @ app.min.js?v=1975181:49275
(anonymous) @ app.min.js?v=1975181:49284
(anonymous) @ app.min.js?v=1975181:43081
Promise.then
task @ app.min.js?v=1975181:43073
(anonymous) @ app.min.js?v=1975181:50971
task.onProgress @ app.min.js?v=1975181:49282
Task$1.next @ app.min.js?v=1975181:49240
(anonymous) @ app.min.js?v=1975181:49242
launch @ app.min.js?v=1975181:49275
(anonymous) @ app.min.js?v=1975181:49284
(anonymous) @ app.min.js?v=1975181:50963
Promise.then
(anonymous) @ app.min.js?v=1975181:50961
task.onProgress @ app.min.js?v=1975181:49282
Task$1.next @ app.min.js?v=1975181:49240
Task$1.start @ app.min.js?v=1975181:49247
start$1 @ app.min.js?v=1975181:49299
loadTask @ app.min.js?v=1975181:51000
loadLang @ app.min.js?v=1975181:51010
(anonymous) @ app.min.js?v=1975181:50733
setTimeout
developerApp @ app.min.js?v=1975181:50731
loadApp @ app.min.js?v=1975181:51040
(anonymous) @ app.min.js?v=1975181:51065
(anonymous) @ app.min.js?v=1975181:51068
PendingScript
sreateScript @ ?title=%D0%93%D0%BB%D0%B0%D0%B2%D0%BD%D0%B0%D1%8F%20-%20TMDB&component=main&source=tmdb&page=1&select=open:102
add @ ?title=%D0%93%D0%BB%D0%B0%D0%B2%D0%BD%D0%B0%D1%8F%20-%20TMDB&component=main&source=tmdb&page=1&select=open:105
putScript @ ?title=%D0%93%D0%BB%D0%B0%D0%B2%D0%BD%D0%B0%D1%8F%20-%20TMDB&component=main&source=tmdb&page=1&select=open:108
loadCurrentLampa @ ?title=%D0%93%D0%BB%D0%B0%D0%B2%D0%BD%D0%B0%D1%8F%20-%20TMDB&component=main&source=tmdb&page=1&select=open:112
(anonymous) @ ?title=%D0%93%D0%BB%D0%B0%D0%B2%D0%BD%D0%B0%D1%8F%20-%20TMDB&component=main&source=tmdb&page=1&select=open:163
app.min.js?v=1975181:46311 [Request] GET time: 104ms error of https://cub.rip/api/shots/list/created?page=1 : Внутренняя ошибка сервера. [700] [Вход не выполнен]
jquery.js:9566  GET https://cub.rip/api/shots/list/favorite?page=1 500 (Internal Server Error)
send @ jquery.js:9566
ajax @ jquery.js:9173
(anonymous) @ app.min.js?v=1975181:29038
cacheGet @ app.min.js?v=1975181:28882
request @ app.min.js?v=1975181:29031
go @ app.min.js?v=1975181:28870
Request.silent @ app.min.js?v=1975181:28661
shotsList @ shots:1071
update @ shots:2030
init$1 @ shots:1978
init @ shots:3416
startPlugin @ shots:3645
(anonymous) @ shots:3653
(anonymous) @ shots:3655
PendingScript
put @ app.min.js?v=1975181:4164
putScriptAsync @ app.min.js?v=1975181:4168
init$8 @ app.min.js?v=1975181:49908
startApp @ app.min.js?v=1975181:50910
showApp @ app.min.js?v=1975181:50951
(anonymous) @ app.min.js?v=1975181:31957
check @ app.min.js?v=1975181:4135
s.onload @ app.min.js?v=1975181:4152
script
put @ app.min.js?v=1975181:4146
putScriptAsync @ app.min.js?v=1975181:4168
load @ app.min.js?v=1975181:31956
(anonymous) @ app.min.js?v=1975181:50998
(anonymous) @ app.min.js?v=1975181:29141
Progress.start @ app.min.js?v=1975181:29139
task.onComplite @ app.min.js?v=1975181:49296
Task$1.check @ app.min.js?v=1975181:49234
(anonymous) @ app.min.js?v=1975181:49242
launch @ app.min.js?v=1975181:49275
(anonymous) @ app.min.js?v=1975181:49284
(anonymous) @ app.min.js?v=1975181:22616
(anonymous) @ app.min.js?v=1975181:22718
WebWorker.worker.onmessage @ app.min.js?v=1975181:4913
postMessage
onmessage @ 63aafa96-aec4-41e4-8add-f5d92b329819:17
Worker.postMessage
WebWorker.call @ app.min.js?v=1975181:4920
rawToCard @ app.min.js?v=1975181:22710
update$9 @ app.min.js?v=1975181:22615
task$3 @ app.min.js?v=1975181:23262
(anonymous) @ app.min.js?v=1975181:50991
task.onProgress @ app.min.js?v=1975181:49282
Task$1.next @ app.min.js?v=1975181:49240
(anonymous) @ app.min.js?v=1975181:49242
launch @ app.min.js?v=1975181:49275
(anonymous) @ app.min.js?v=1975181:49284
(anonymous) @ app.min.js?v=1975181:19075
fire @ jquery.js:3317
fireWith @ jquery.js:3447
done @ jquery.js:9272
(anonymous) @ jquery.js:9514
XMLHttpRequest.send
send @ jquery.js:9566
ajax @ jquery.js:9173
extract @ app.min.js?v=1975181:19048
task$4 @ app.min.js?v=1975181:19060
(anonymous) @ app.min.js?v=1975181:50986
task.onProgress @ app.min.js?v=1975181:49282
Task$1.next @ app.min.js?v=1975181:49240
(anonymous) @ app.min.js?v=1975181:49242
launch @ app.min.js?v=1975181:49275
(anonymous) @ app.min.js?v=1975181:49284
(anonymous) @ app.min.js?v=1975181:32022
plugins @ app.min.js?v=1975181:17464
(anonymous) @ app.min.js?v=1975181:31988
status.onComplite @ app.min.js?v=1975181:31917
Status.check @ app.min.js?v=1975181:18505
Status.append @ app.min.js?v=1975181:18512
_network.silent.timeout @ app.min.js?v=1975181:31925
complite @ app.min.js?v=1975181:28651
sendSecuses @ app.min.js?v=1975181:28963
secuses @ app.min.js?v=1975181:28983
success @ app.min.js?v=1975181:28996
fire @ jquery.js:3317
fireWith @ jquery.js:3447
done @ jquery.js:9272
(anonymous) @ jquery.js:9514
XMLHttpRequest.send
send @ jquery.js:9566
ajax @ jquery.js:9173
(anonymous) @ app.min.js?v=1975181:29038
cacheGet @ app.min.js?v=1975181:28882
request @ app.min.js?v=1975181:29031
go @ app.min.js?v=1975181:28870
Request.silent @ app.min.js?v=1975181:28661
loadBlackList @ app.min.js?v=1975181:31920
task$1 @ app.min.js?v=1975181:31987
(anonymous) @ app.min.js?v=1975181:50981
task.onProgress @ app.min.js?v=1975181:49282
Task$1.next @ app.min.js?v=1975181:49240
(anonymous) @ app.min.js?v=1975181:49242
launch @ app.min.js?v=1975181:49275
(anonymous) @ app.min.js?v=1975181:49284
(anonymous) @ app.min.js?v=1975181:28479
network$5.silent.data @ app.min.js?v=1975181:28443
complite @ app.min.js?v=1975181:28651
sendSecuses @ app.min.js?v=1975181:28963
secuses @ app.min.js?v=1975181:28983
success @ app.min.js?v=1975181:28996
fire @ jquery.js:3317
fireWith @ jquery.js:3447
done @ jquery.js:9272
(anonymous) @ jquery.js:9514
XMLHttpRequest.send
send @ jquery.js:9566
ajax @ jquery.js:9173
(anonymous) @ app.min.js?v=1975181:29038
cacheGet @ app.min.js?v=1975181:28882
request @ app.min.js?v=1975181:29031
go @ app.min.js?v=1975181:28870
Request.silent @ app.min.js?v=1975181:28661
check$1 @ app.min.js?v=1975181:28442
task$2 @ app.min.js?v=1975181:28475
(anonymous) @ app.min.js?v=1975181:50976
task.onProgress @ app.min.js?v=1975181:49282
Task$1.next @ app.min.js?v=1975181:49240
(anonymous) @ app.min.js?v=1975181:49242
launch @ app.min.js?v=1975181:49275
(anonymous) @ app.min.js?v=1975181:49284
(anonymous) @ app.min.js?v=1975181:43081
Promise.then
task @ app.min.js?v=1975181:43073
(anonymous) @ app.min.js?v=1975181:50971
task.onProgress @ app.min.js?v=1975181:49282
Task$1.next @ app.min.js?v=1975181:49240
(anonymous) @ app.min.js?v=1975181:49242
launch @ app.min.js?v=1975181:49275
(anonymous) @ app.min.js?v=1975181:49284
(anonymous) @ app.min.js?v=1975181:50963
Promise.then
(anonymous) @ app.min.js?v=1975181:50961
task.onProgress @ app.min.js?v=1975181:49282
Task$1.next @ app.min.js?v=1975181:49240
Task$1.start @ app.min.js?v=1975181:49247
start$1 @ app.min.js?v=1975181:49299
loadTask @ app.min.js?v=1975181:51000
loadLang @ app.min.js?v=1975181:51010
(anonymous) @ app.min.js?v=1975181:50733
setTimeout
developerApp @ app.min.js?v=1975181:50731
loadApp @ app.min.js?v=1975181:51040
(anonymous) @ app.min.js?v=1975181:51065
(anonymous) @ app.min.js?v=1975181:51068
PendingScript
sreateScript @ ?title=%D0%93%D0%BB%D0%B0%D0%B2%D0%BD%D0%B0%D1%8F%20-%20TMDB&component=main&source=tmdb&page=1&select=open:102
add @ ?title=%D0%93%D0%BB%D0%B0%D0%B2%D0%BD%D0%B0%D1%8F%20-%20TMDB&component=main&source=tmdb&page=1&select=open:105
putScript @ ?title=%D0%93%D0%BB%D0%B0%D0%B2%D0%BD%D0%B0%D1%8F%20-%20TMDB&component=main&source=tmdb&page=1&select=open:108
loadCurrentLampa @ ?title=%D0%93%D0%BB%D0%B0%D0%B2%D0%BD%D0%B0%D1%8F%20-%20TMDB&component=main&source=tmdb&page=1&select=open:112
(anonymous) @ ?title=%D0%93%D0%BB%D0%B0%D0%B2%D0%BD%D0%B0%D1%8F%20-%20TMDB&component=main&source=tmdb&page=1&select=open:163
app.min.js?v=1975181:46311 [Request] GET time: 108ms error of https://cub.rip/api/shots/list/favorite?page=1 : Внутренняя ошибка сервера. [700] [Вход не выполнен]
jquery.js:9566  GET https://cub.rip/api/shots/list/map?page=1 500 (Internal Server Error)
send @ jquery.js:9566
ajax @ jquery.js:9173
(anonymous) @ app.min.js?v=1975181:29038
cacheGet @ app.min.js?v=1975181:28882
request @ app.min.js?v=1975181:29031
go @ app.min.js?v=1975181:28870
Request.silent @ app.min.js?v=1975181:28661
shotsList @ shots:1071
update @ shots:2034
init$1 @ shots:1978
init @ shots:3416
startPlugin @ shots:3645
(anonymous) @ shots:3653
(anonymous) @ shots:3655
PendingScript
put @ app.min.js?v=1975181:4164
putScriptAsync @ app.min.js?v=1975181:4168
init$8 @ app.min.js?v=1975181:49908
startApp @ app.min.js?v=1975181:50910
showApp @ app.min.js?v=1975181:50951
(anonymous) @ app.min.js?v=1975181:31957
check @ app.min.js?v=1975181:4135
s.onload @ app.min.js?v=1975181:4152
script
put @ app.min.js?v=1975181:4146
putScriptAsync @ app.min.js?v=1975181:4168
load @ app.min.js?v=1975181:31956
(anonymous) @ app.min.js?v=1975181:50998
(anonymous) @ app.min.js?v=1975181:29141
Progress.start @ app.min.js?v=1975181:29139
task.onComplite @ app.min.js?v=1975181:49296
Task$1.check @ app.min.js?v=1975181:49234
(anonymous) @ app.min.js?v=1975181:49242
launch @ app.min.js?v=1975181:49275
(anonymous) @ app.min.js?v=1975181:49284
(anonymous) @ app.min.js?v=1975181:22616
(anonymous) @ app.min.js?v=1975181:22718
WebWorker.worker.onmessage @ app.min.js?v=1975181:4913
postMessage
onmessage @ 63aafa96-aec4-41e4-8add-f5d92b329819:17
Worker.postMessage
WebWorker.call @ app.min.js?v=1975181:4920
rawToCard @ app.min.js?v=1975181:22710
update$9 @ app.min.js?v=1975181:22615
task$3 @ app.min.js?v=1975181:23262
(anonymous) @ app.min.js?v=1975181:50991
task.onProgress @ app.min.js?v=1975181:49282
Task$1.next @ app.min.js?v=1975181:49240
(anonymous) @ app.min.js?v=1975181:49242
launch @ app.min.js?v=1975181:49275
(anonymous) @ app.min.js?v=1975181:49284
(anonymous) @ app.min.js?v=1975181:19075
fire @ jquery.js:3317
fireWith @ jquery.js:3447
done @ jquery.js:9272
(anonymous) @ jquery.js:9514
XMLHttpRequest.send
send @ jquery.js:9566
ajax @ jquery.js:9173
extract @ app.min.js?v=1975181:19048
task$4 @ app.min.js?v=1975181:19060
(anonymous) @ app.min.js?v=1975181:50986
task.onProgress @ app.min.js?v=1975181:49282
Task$1.next @ app.min.js?v=1975181:49240
(anonymous) @ app.min.js?v=1975181:49242
launch @ app.min.js?v=1975181:49275
(anonymous) @ app.min.js?v=1975181:49284
(anonymous) @ app.min.js?v=1975181:32022
plugins @ app.min.js?v=1975181:17464
(anonymous) @ app.min.js?v=1975181:31988
status.onComplite @ app.min.js?v=1975181:31917
Status.check @ app.min.js?v=1975181:18505
Status.append @ app.min.js?v=1975181:18512
_network.silent.timeout @ app.min.js?v=1975181:31925
complite @ app.min.js?v=1975181:28651
sendSecuses @ app.min.js?v=1975181:28963
secuses @ app.min.js?v=1975181:28983
success @ app.min.js?v=1975181:28996
fire @ jquery.js:3317
fireWith @ jquery.js:3447
done @ jquery.js:9272
(anonymous) @ jquery.js:9514
XMLHttpRequest.send
send @ jquery.js:9566
ajax @ jquery.js:9173
(anonymous) @ app.min.js?v=1975181:29038
cacheGet @ app.min.js?v=1975181:28882
request @ app.min.js?v=1975181:29031
go @ app.min.js?v=1975181:28870
Request.silent @ app.min.js?v=1975181:28661
loadBlackList @ app.min.js?v=1975181:31920
task$1 @ app.min.js?v=1975181:31987
(anonymous) @ app.min.js?v=1975181:50981
task.onProgress @ app.min.js?v=1975181:49282
Task$1.next @ app.min.js?v=1975181:49240
(anonymous) @ app.min.js?v=1975181:49242
launch @ app.min.js?v=1975181:49275
(anonymous) @ app.min.js?v=1975181:49284
(anonymous) @ app.min.js?v=1975181:28479
network$5.silent.data @ app.min.js?v=1975181:28443
complite @ app.min.js?v=1975181:28651
sendSecuses @ app.min.js?v=1975181:28963
secuses @ app.min.js?v=1975181:28983
success @ app.min.js?v=1975181:28996
fire @ jquery.js:3317
fireWith @ jquery.js:3447
done @ jquery.js:9272
(anonymous) @ jquery.js:9514
XMLHttpRequest.send
send @ jquery.js:9566
ajax @ jquery.js:9173
(anonymous) @ app.min.js?v=1975181:29038
cacheGet @ app.min.js?v=1975181:28882
request @ app.min.js?v=1975181:29031
go @ app.min.js?v=1975181:28870
Request.silent @ app.min.js?v=1975181:28661
check$1 @ app.min.js?v=1975181:28442
task$2 @ app.min.js?v=1975181:28475
(anonymous) @ app.min.js?v=1975181:50976
task.onProgress @ app.min.js?v=1975181:49282
Task$1.next @ app.min.js?v=1975181:49240
(anonymous) @ app.min.js?v=1975181:49242
launch @ app.min.js?v=1975181:49275
(anonymous) @ app.min.js?v=1975181:49284
(anonymous) @ app.min.js?v=1975181:43081
Promise.then
task @ app.min.js?v=1975181:43073
(anonymous) @ app.min.js?v=1975181:50971
task.onProgress @ app.min.js?v=1975181:49282
Task$1.next @ app.min.js?v=1975181:49240
(anonymous) @ app.min.js?v=1975181:49242
launch @ app.min.js?v=1975181:49275
(anonymous) @ app.min.js?v=1975181:49284
(anonymous) @ app.min.js?v=1975181:50963
Promise.then
(anonymous) @ app.min.js?v=1975181:50961
task.onProgress @ app.min.js?v=1975181:49282
Task$1.next @ app.min.js?v=1975181:49240
Task$1.start @ app.min.js?v=1975181:49247
start$1 @ app.min.js?v=1975181:49299
loadTask @ app.min.js?v=1975181:51000
loadLang @ app.min.js?v=1975181:51010
(anonymous) @ app.min.js?v=1975181:50733
setTimeout
developerApp @ app.min.js?v=1975181:50731
loadApp @ app.min.js?v=1975181:51040
(anonymous) @ app.min.js?v=1975181:51065
(anonymous) @ app.min.js?v=1975181:51068
PendingScript
sreateScript @ ?title=%D0%93%D0%BB%D0%B0%D0%B2%D0%BD%D0%B0%D1%8F%20-%20TMDB&component=main&source=tmdb&page=1&select=open:102
add @ ?title=%D0%93%D0%BB%D0%B0%D0%B2%D0%BD%D0%B0%D1%8F%20-%20TMDB&component=main&source=tmdb&page=1&select=open:105
putScript @ ?title=%D0%93%D0%BB%D0%B0%D0%B2%D0%BD%D0%B0%D1%8F%20-%20TMDB&component=main&source=tmdb&page=1&select=open:108
loadCurrentLampa @ ?title=%D0%93%D0%BB%D0%B0%D0%B2%D0%BD%D0%B0%D1%8F%20-%20TMDB&component=main&source=tmdb&page=1&select=open:112
(anonymous) @ ?title=%D0%93%D0%BB%D0%B0%D0%B2%D0%BD%D0%B0%D1%8F%20-%20TMDB&component=main&source=tmdb&page=1&select=open:163
app.min.js?v=1975181:46311 [Request] GET time: 109ms error of https://cub.rip/api/shots/list/map?page=1 : Внутренняя ошибка сервера. [700] [Вход не выполнен]
app.min.js?v=1975181:46311 [Socket] info {uid: 'Al4IgpOT', ip: '2.132.193.201'}
app.min.js?v=1975181:46311 [Premiere] load: {type: 'movie', id: '687163'} exist: true
